<?xml version="1.0" encoding="UTF-8"?>
<coverage generated="1767096367702" clover="3.2.0">
  <project timestamp="1767096367703" name="All files">
    <metrics statements="19" coveredstatements="18" conditionals="15" coveredconditionals="14" methods="8" coveredmethods="8" elements="42" coveredelements="40" complexity="0" loc="19" ncloc="19" packages="1" files="8" classes="8"/>
    <file name="Card.css" path="C:\Users\lamia\Documents\Projet-kasa\Frontend\src\Components\Card.css">
      <metrics statements="0" coveredstatements="0" conditionals="0" coveredconditionals="0" methods="0" coveredmethods="0"/>
    </file>
    <file name="Card.jsx" path="C:\Users\lamia\Documents\Projet-kasa\Frontend\src\Components\Card.jsx">
      <metrics statements="1" coveredstatements="1" conditionals="0" coveredconditionals="0" methods="1" coveredmethods="1"/>
      <line num="5" count="1" type="stmt"/>
    </file>
    <file name="Collapse.css" path="C:\Users\lamia\Documents\Projet-kasa\Frontend\src\Components\Collapse.css">
      <metrics statements="0" coveredstatements="0" conditionals="0" coveredconditionals="0" methods="0" coveredmethods="0"/>
    </file>
    <file name="Collapse.jsx" path="C:\Users\lamia\Documents\Projet-kasa\Frontend\src\Components\Collapse.jsx">
      <metrics statements="4" coveredstatements="4" conditionals="6" coveredconditionals="6" methods="2" coveredmethods="2"/>
      <line num="5" count="6" type="stmt"/>
      <line num="6" count="6" type="cond" truecount="2" falsecount="0"/>
      <line num="8" count="6" type="stmt"/>
      <line num="10" count="3" type="stmt"/>
    </file>
    <file name="Slidshow.css" path="C:\Users\lamia\Documents\Projet-kasa\Frontend\src\Components\Slidshow.css">
      <metrics statements="0" coveredstatements="0" conditionals="0" coveredconditionals="0" methods="0" coveredmethods="0"/>
    </file>
    <file name="Slidshow.jsx" path="C:\Users\lamia\Documents\Projet-kasa\Frontend\src\Components\Slidshow.jsx">
      <metrics statements="12" coveredstatements="11" conditionals="8" coveredconditionals="7" methods="3" coveredmethods="3"/>
      <line num="5" count="10" type="stmt"/>
      <line num="6" count="10" type="stmt"/>
      <line num="8" count="10" type="cond" truecount="2" falsecount="0"/>
      <line num="10" count="9" type="stmt"/>
      <line num="11" count="1" type="cond" truecount="1" falsecount="1"/>
      <line num="12" count="1" type="stmt"/>
      <line num="14" count="0" type="stmt"/>
      <line num="18" count="9" type="stmt"/>
      <line num="19" count="3" type="cond" truecount="2" falsecount="0"/>
      <line num="20" count="1" type="stmt"/>
      <line num="22" count="2" type="stmt"/>
      <line num="26" count="9" type="stmt"/>
    </file>
    <file name="Tags.css" path="C:\Users\lamia\Documents\Projet-kasa\Frontend\src\Components\Tags.css">
      <metrics statements="0" coveredstatements="0" conditionals="0" coveredconditionals="0" methods="0" coveredmethods="0"/>
    </file>
    <file name="Tags.jsx" path="C:\Users\lamia\Documents\Projet-kasa\Frontend\src\Components\Tags.jsx">
      <metrics statements="2" coveredstatements="2" conditionals="1" coveredconditionals="1" methods="2" coveredmethods="2"/>
      <line num="4" count="2" type="stmt"/>
      <line num="7" count="3" type="stmt"/>
    </file>
  </project>
</coverage>
