{"C:\\Users\\lamia\\Documents\\Projet-kasa\\Frontend\\src\\Components\\Card.css": {"path":"C:\\Users\\lamia\\Documents\\Projet-kasa\\Frontend\\src\\Components\\Card.css","statementMap":{},"fnMap":{},"branchMap":{},"s":{},"f":{},"b":{},"meta":{"lastBranch":0,"lastFunction":0,"lastStatement":0,"seen":{}}}
,"C:\\Users\\lamia\\Documents\\Projet-kasa\\Frontend\\src\\Components\\Card.jsx": {"path":"C:\\Users\\lamia\\Documents\\Projet-kasa\\Frontend\\src\\Components\\Card.jsx","statementMap":{"0":{"start":{"line":5,"column":2},"end":{"line":9,"column":null}}},"fnMap":{"0":{"name":"Card","decl":{"start":{"line":4,"column":24},"end":{"line":4,"column":29}},"loc":{"start":{"line":4,"column":51},"end":{"line":11,"column":null}},"line":4}},"branchMap":{},"s":{"0":1},"f":{"0":1},"b":{},"meta":{"lastBranch":0,"lastFunction":1,"lastStatement":1,"seen":{"f:4:24:4:29":0,"s:5:2:9:Infinity":0}}}
,"C:\\Users\\lamia\\Documents\\Projet-kasa\\Frontend\\src\\Components\\Collapse.css": {"path":"C:\\Users\\lamia\\Documents\\Projet-kasa\\Frontend\\src\\Components\\Collapse.css","statementMap":{},"fnMap":{},"branchMap":{},"s":{},"f":{},"b":{},"meta":{"lastBranch":0,"lastFunction":0,"lastStatement":0,"seen":{}}}
,"C:\\Users\\lamia\\Documents\\Projet-kasa\\Frontend\\src\\Components\\Collapse.jsx": {"path":"C:\\Users\\lamia\\Documents\\Projet-kasa\\Frontend\\src\\Components\\Collapse.jsx","statementMap":{"0":{"start":{"line":5,"column":22},"end":{"line":5,"column":null}},"1":{"start":{"line":6,"column":16},"end":{"line":6,"column":null}},"2":{"start":{"line":8,"column":2},"end":{"line":16,"column":null}},"3":{"start":{"line":10,"column":58},"end":{"line":10,"column":null}}},"fnMap":{"0":{"name":"Collapse","decl":{"start":{"line":4,"column":24},"end":{"line":4,"column":33}},"loc":{"start":{"line":4,"column":62},"end":{"line":18,"column":null}},"line":4},"1":{"name":"(anonymous_1)","decl":{"start":{"line":10,"column":52},"end":{"line":10,"column":58}},"loc":{"start":{"line":10,"column":58},"end":{"line":10,"column":null}},"line":10}},"branchMap":{"0":{"loc":{"start":{"line":6,"column":16},"end":{"line":6,"column":null}},"type":"binary-expr","locations":[{"start":{"line":6,"column":16},"end":{"line":6,"column":28}},{"start":{"line":6,"column":28},"end":{"line":6,"column":null}}],"line":6},"1":{"loc":{"start":{"line":12,"column":44},"end":{"line":12,"column":62}},"type":"cond-expr","locations":[{"start":{"line":12,"column":51},"end":{"line":12,"column":60}},{"start":{"line":12,"column":60},"end":{"line":12,"column":62}}],"line":12},"2":{"loc":{"start":{"line":15,"column":7},"end":{"line":15,"column":null}},"type":"cond-expr","locations":[{"start":{"line":15,"column":15},"end":{"line":15,"column":67}},{"start":{"line":15,"column":67},"end":{"line":15,"column":null}}],"line":15}},"s":{"0":6,"1":6,"2":6,"3":3},"f":{"0":6,"1":3},"b":{"0":[6,6],"1":[2,4],"2":[2,4]},"meta":{"lastBranch":3,"lastFunction":2,"lastStatement":4,"seen":{"f:4:24:4:33":0,"s:5:22:5:Infinity":0,"s:6:16:6:Infinity":1,"b:6:16:6:28:6:28:6:Infinity":0,"s:8:2:16:Infinity":2,"f:10:52:10:58":1,"s:10:58:10:Infinity":3,"b:12:51:12:60:12:60:12:62":1,"b:15:15:15:67:15:67:15:Infinity":2}}}
,"C:\\Users\\lamia\\Documents\\Projet-kasa\\Frontend\\src\\Components\\Slidshow.css": {"path":"C:\\Users\\lamia\\Documents\\Projet-kasa\\Frontend\\src\\Components\\Slidshow.css","statementMap":{},"fnMap":{},"branchMap":{},"s":{},"f":{},"b":{},"meta":{"lastBranch":0,"lastFunction":0,"lastStatement":0,"seen":{}}}
,"C:\\Users\\lamia\\Documents\\Projet-kasa\\Frontend\\src\\Components\\Slidshow.jsx": {"path":"C:\\Users\\lamia\\Documents\\Projet-kasa\\Frontend\\src\\Components\\Slidshow.jsx","statementMap":{"0":{"start":{"line":5,"column":24},"end":{"line":5,"column":null}},"1":{"start":{"line":6,"column":16},"end":{"line":6,"column":null}},"2":{"start":{"line":8,"column":2},"end":{"line":8,"column":null}},"3":{"start":{"line":8,"column":19},"end":{"line":8,"column":null}},"4":{"start":{"line":10,"column":15},"end":{"line":16,"column":null}},"5":{"start":{"line":11,"column":2},"end":{"line":15,"column":null}},"6":{"start":{"line":12,"column":4},"end":{"line":12,"column":null}},"7":{"start":{"line":14,"column":4},"end":{"line":14,"column":null}},"8":{"start":{"line":18,"column":13},"end":{"line":24,"column":null}},"9":{"start":{"line":19,"column":2},"end":{"line":23,"column":null}},"10":{"start":{"line":20,"column":4},"end":{"line":20,"column":null}},"11":{"start":{"line":22,"column":4},"end":{"line":22,"column":null}},"12":{"start":{"line":26,"column":2},"end":{"line":39,"column":null}}},"fnMap":{"0":{"name":"Slidshow","decl":{"start":{"line":4,"column":24},"end":{"line":4,"column":33}},"loc":{"start":{"line":4,"column":45},"end":{"line":41,"column":null}},"line":4},"1":{"name":"(anonymous_1)","decl":{"start":{"line":10,"column":15},"end":{"line":10,"column":21}},"loc":{"start":{"line":10,"column":21},"end":{"line":16,"column":null}},"line":10},"2":{"name":"(anonymous_2)","decl":{"start":{"line":18,"column":13},"end":{"line":18,"column":19}},"loc":{"start":{"line":18,"column":19},"end":{"line":24,"column":null}},"line":18}},"branchMap":{"0":{"loc":{"start":{"line":8,"column":2},"end":{"line":8,"column":null}},"type":"if","locations":[{"start":{"line":8,"column":2},"end":{"line":8,"column":null}},{"start":{},"end":{}}],"line":8},"1":{"loc":{"start":{"line":11,"column":2},"end":{"line":15,"column":null}},"type":"if","locations":[{"start":{"line":11,"column":2},"end":{"line":15,"column":null}},{"start":{"line":13,"column":9},"end":{"line":15,"column":null}}],"line":11},"2":{"loc":{"start":{"line":19,"column":2},"end":{"line":23,"column":null}},"type":"if","locations":[{"start":{"line":19,"column":2},"end":{"line":23,"column":null}},{"start":{"line":21,"column":9},"end":{"line":23,"column":null}}],"line":19},"3":{"loc":{"start":{"line":30,"column":7},"end":{"line":37,"column":null}},"type":"binary-expr","locations":[{"start":{"line":30,"column":7},"end":{"line":30,"column":null}},{"start":{"line":31,"column":8},"end":{"line":37,"column":null}}],"line":30}},"s":{"0":10,"1":10,"2":10,"3":1,"4":9,"5":1,"6":1,"7":0,"8":9,"9":3,"10":1,"11":2,"12":9},"f":{"0":10,"1":1,"2":3},"b":{"0":[1,9],"1":[1,0],"2":[1,2],"3":[9,8]},"meta":{"lastBranch":4,"lastFunction":3,"lastStatement":13,"seen":{"f:4:24:4:33":0,"s:5:24:5:Infinity":0,"s:6:16:6:Infinity":1,"b:8:2:8:Infinity:undefined:undefined:undefined:undefined":0,"s:8:2:8:Infinity":2,"s:8:19:8:Infinity":3,"s:10:15:16:Infinity":4,"f:10:15:10:21":1,"b:11:2:15:Infinity:13:9:15:Infinity":1,"s:11:2:15:Infinity":5,"s:12:4:12:Infinity":6,"s:14:4:14:Infinity":7,"s:18:13:24:Infinity":8,"f:18:13:18:19":2,"b:19:2:23:Infinity:21:9:23:Infinity":2,"s:19:2:23:Infinity":9,"s:20:4:20:Infinity":10,"s:22:4:22:Infinity":11,"s:26:2:39:Infinity":12,"b:30:7:30:Infinity:31:8:37:Infinity":3}}}
,"C:\\Users\\lamia\\Documents\\Projet-kasa\\Frontend\\src\\Components\\Tags.css": {"path":"C:\\Users\\lamia\\Documents\\Projet-kasa\\Frontend\\src\\Components\\Tags.css","statementMap":{},"fnMap":{},"branchMap":{},"s":{},"f":{},"b":{},"meta":{"lastBranch":0,"lastFunction":0,"lastStatement":0,"seen":{}}}
,"C:\\Users\\lamia\\Documents\\Projet-kasa\\Frontend\\src\\Components\\Tags.jsx": {"path":"C:\\Users\\lamia\\Documents\\Projet-kasa\\Frontend\\src\\Components\\Tags.jsx","statementMap":{"0":{"start":{"line":4,"column":2},"end":{"line":11,"column":null}},"1":{"start":{"line":7,"column":8},"end":{"line":9,"column":null}}},"fnMap":{"0":{"name":"Tags","decl":{"start":{"line":3,"column":24},"end":{"line":3,"column":29}},"loc":{"start":{"line":3,"column":44},"end":{"line":13,"column":null}},"line":3},"1":{"name":"(anonymous_1)","decl":{"start":{"line":6,"column":16},"end":{"line":6,"column":17}},"loc":{"start":{"line":7,"column":8},"end":{"line":9,"column":null}},"line":7}},"branchMap":{"0":{"loc":{"start":{"line":3,"column":31},"end":{"line":3,"column":41}},"type":"default-arg","locations":[{"start":{"line":3,"column":38},"end":{"line":3,"column":41}}],"line":3}},"s":{"0":2,"1":3},"f":{"0":2,"1":3},"b":{"0":[2]},"meta":{"lastBranch":1,"lastFunction":2,"lastStatement":2,"seen":{"f:3:24:3:29":0,"b:3:38:3:41":0,"s:4:2:11:Infinity":0,"f:6:16:6:17":1,"s:7:8:9:Infinity":1}}}
}
