{"C:\\Users\\lamia\\Documents\\Projet-kasa\\Frontend\\src\\Components\\Collapse.css": {"path":"C:\\Users\\lamia\\Documents\\Projet-kasa\\Frontend\\src\\Components\\Collapse.css","statementMap":{},"fnMap":{},"branchMap":{},"s":{},"f":{},"b":{},"meta":{"lastBranch":0,"lastFunction":0,"lastStatement":0,"seen":{}}}
,"C:\\Users\\lamia\\Documents\\Projet-kasa\\Frontend\\src\\Components\\Collapse.jsx": {"path":"C:\\Users\\lamia\\Documents\\Projet-kasa\\Frontend\\src\\Components\\Collapse.jsx","statementMap":{"0":{"start":{"line":5,"column":22},"end":{"line":5,"column":null}},"1":{"start":{"line":6,"column":16},"end":{"line":6,"column":null}},"2":{"start":{"line":8,"column":2},"end":{"line":20,"column":null}},"3":{"start":{"line":10,"column":58},"end":{"line":10,"column":null}}},"fnMap":{"0":{"name":"Collapse","decl":{"start":{"line":4,"column":24},"end":{"line":4,"column":33}},"loc":{"start":{"line":4,"column":62},"end":{"line":22,"column":null}},"line":4},"1":{"name":"(anonymous_1)","decl":{"start":{"line":10,"column":52},"end":{"line":10,"column":58}},"loc":{"start":{"line":10,"column":58},"end":{"line":10,"column":null}},"line":10}},"branchMap":{"0":{"loc":{"start":{"line":6,"column":16},"end":{"line":6,"column":null}},"type":"binary-expr","locations":[{"start":{"line":6,"column":16},"end":{"line":6,"column":28}},{"start":{"line":6,"column":28},"end":{"line":6,"column":null}}],"line":6},"1":{"loc":{"start":{"line":12,"column":44},"end":{"line":12,"column":62}},"type":"cond-expr","locations":[{"start":{"line":12,"column":51},"end":{"line":12,"column":60}},{"start":{"line":12,"column":60},"end":{"line":12,"column":62}}],"line":12},"2":{"loc":{"start":{"line":15,"column":7},"end":{"line":18,"column":null}},"type":"binary-expr","locations":[{"start":{"line":15,"column":7},"end":{"line":15,"column":null}},{"start":{"line":16,"column":8},"end":{"line":18,"column":null}}],"line":15}},"s":{"0":6,"1":6,"2":6,"3":3},"f":{"0":6,"1":3},"b":{"0":[6,6],"1":[2,4],"2":[6,2]},"meta":{"lastBranch":3,"lastFunction":2,"lastStatement":4,"seen":{"f:4:24:4:33":0,"s:5:22:5:Infinity":0,"s:6:16:6:Infinity":1,"b:6:16:6:28:6:28:6:Infinity":0,"s:8:2:20:Infinity":2,"f:10:52:10:58":1,"s:10:58:10:Infinity":3,"b:12:51:12:60:12:60:12:62":1,"b:15:7:15:Infinity:16:8:18:Infinity":2}}}
,"C:\\Users\\lamia\\Documents\\Projet-kasa\\Frontend\\src\\Components\\Tags.css": {"path":"C:\\Users\\lamia\\Documents\\Projet-kasa\\Frontend\\src\\Components\\Tags.css","statementMap":{},"fnMap":{},"branchMap":{},"s":{},"f":{},"b":{},"meta":{"lastBranch":0,"lastFunction":0,"lastStatement":0,"seen":{}}}
,"C:\\Users\\lamia\\Documents\\Projet-kasa\\Frontend\\src\\Components\\Tags.jsx": {"path":"C:\\Users\\lamia\\Documents\\Projet-kasa\\Frontend\\src\\Components\\Tags.jsx","statementMap":{"0":{"start":{"line":4,"column":2},"end":{"line":11,"column":null}},"1":{"start":{"line":7,"column":8},"end":{"line":9,"column":null}}},"fnMap":{"0":{"name":"Tags","decl":{"start":{"line":3,"column":24},"end":{"line":3,"column":29}},"loc":{"start":{"line":3,"column":44},"end":{"line":13,"column":null}},"line":3},"1":{"name":"(anonymous_1)","decl":{"start":{"line":6,"column":16},"end":{"line":6,"column":17}},"loc":{"start":{"line":7,"column":8},"end":{"line":9,"column":null}},"line":7}},"branchMap":{"0":{"loc":{"start":{"line":3,"column":31},"end":{"line":3,"column":41}},"type":"default-arg","locations":[{"start":{"line":3,"column":38},"end":{"line":3,"column":41}}],"line":3}},"s":{"0":2,"1":3},"f":{"0":2,"1":3},"b":{"0":[2]},"meta":{"lastBranch":1,"lastFunction":2,"lastStatement":2,"seen":{"f:3:24:3:29":0,"b:3:38:3:41":0,"s:4:2:11:Infinity":0,"f:6:16:6:17":1,"s:7:8:9:Infinity":1}}}
}
